Generated at 2016-09-15 12:59:09 +0530
Net::HTTPFatalError: 500 "Internal Server Error"
/opt/chefdk/embedded/lib/ruby/2.1.0/net/http/response.rb:119:in `error!'
/opt/chefdk/embedded/lib/ruby/gems/2.1.0/gems/chef-12.12.15/lib/chef/http.rb:146:in `request'
/opt/chefdk/embedded/lib/ruby/gems/2.1.0/gems/chef-12.12.15/lib/chef/http.rb:127:in `post'
/opt/chefdk/embedded/lib/ruby/gems/2.1.0/gems/chef-12.12.15/lib/chef/node.rb:620:in `create'
/opt/chefdk/embedded/lib/ruby/gems/2.1.0/gems/chef-12.12.15/lib/chef/node.rb:573:in `rescue in find_or_create'
/opt/chefdk/embedded/lib/ruby/gems/2.1.0/gems/chef-12.12.15/lib/chef/node.rb:569:in `find_or_create'
/opt/chefdk/embedded/lib/ruby/gems/2.1.0/gems/chef-12.12.15/lib/chef/policy_builder/dynamic.rb:72:in `load_node'
/opt/chefdk/embedded/lib/ruby/gems/2.1.0/gems/chef-12.12.15/lib/chef/client.rb:467:in `load_node'
/opt/chefdk/embedded/lib/ruby/gems/2.1.0/gems/chef-12.12.15/lib/chef/client.rb:269:in `run'
/opt/chefdk/embedded/lib/ruby/gems/2.1.0/gems/chef-12.12.15/lib/chef/application.rb:286:in `block in fork_chef_client'
/opt/chefdk/embedded/lib/ruby/gems/2.1.0/gems/chef-12.12.15/lib/chef/application.rb:274:in `fork'
/opt/chefdk/embedded/lib/ruby/gems/2.1.0/gems/chef-12.12.15/lib/chef/application.rb:274:in `fork_chef_client'
/opt/chefdk/embedded/lib/ruby/gems/2.1.0/gems/chef-12.12.15/lib/chef/application.rb:239:in `block in run_chef_client'
/opt/chefdk/embedded/lib/ruby/gems/2.1.0/gems/chef-12.12.15/lib/chef/local_mode.rb:44:in `with_server_connectivity'
/opt/chefdk/embedded/lib/ruby/gems/2.1.0/gems/chef-12.12.15/lib/chef/application.rb:227:in `run_chef_client'
/opt/chefdk/embedded/lib/ruby/gems/2.1.0/gems/chef-12.12.15/lib/chef/application/client.rb:456:in `sleep_then_run_chef_client'
/opt/chefdk/embedded/lib/ruby/gems/2.1.0/gems/chef-12.12.15/lib/chef/application/client.rb:443:in `block in interval_run_chef_client'
/opt/chefdk/embedded/lib/ruby/gems/2.1.0/gems/chef-12.12.15/lib/chef/application/client.rb:442:in `loop'
/opt/chefdk/embedded/lib/ruby/gems/2.1.0/gems/chef-12.12.15/lib/chef/application/client.rb:442:in `interval_run_chef_client'
/opt/chefdk/embedded/lib/ruby/gems/2.1.0/gems/chef-12.12.15/lib/chef/application/client.rb:426:in `run_application'
/opt/chefdk/embedded/lib/ruby/gems/2.1.0/gems/chef-12.12.15/lib/chef/application.rb:59:in `run'
/opt/chefdk/embedded/lib/ruby/gems/2.1.0/gems/chef-12.12.15/bin/chef-client:26:in `<top (required)>'
/usr/bin/chef-client:52:in `load'
/usr/bin/chef-client:52:in `<main>'